<?xml version="1.0" encoding="UTF-8"?>
<!-- Generated by org.testng.reporters.JUnitReportReporter -->
<testsuite hostname="INPNRLT0512" failures="0" tests="1" name="test.CrossAsystScenario" time="94.534" errors="0" timestamp="2020-09-24T09:29:13 IST" skipped="0">
  <testcase classname="test.CrossAsystScenario" name="flow" time="94.534"/>
  <system-out/>
</testsuite> <!-- test.CrossAsystScenario -->
